# JRE version: Java(TM) SE Runtime Environment (8.0_112-b15) (build 1.8.0_112-b15)
# Java VM: Java HotSpot(TM) 64-Bit Server VM (25.112-b15 mixed mode windows-amd64 compressed oops)
Heap:
 PSYoungGen      total 237568K, used 130465K [0x00000000eab00000, 0x00000000fa180000, 0x0000000100000000)
  eden space 224768K, 52% used [0x00000000eab00000,0x00000000f1e74570,0x00000000f8680000)
  from space 12800K, 95% used [0x00000000f9400000,0x00000000f9ff4040,0x00000000fa080000)
  to   space 13824K, 0% used [0x00000000f8680000,0x00000000f8680000,0x00000000f9400000)
 ParOldGen       total 157184K, used 16804K [0x00000000c0000000, 0x00000000c9980000, 0x00000000eab00000)
  object space 157184K, 10% used [0x00000000c0000000,0x00000000c1069390,0x00000000c9980000)
 Metaspace       used 43989K, capacity 44856K, committed 45232K, reserved 1087488K
  class space    used 6226K, capacity 6454K, committed 6576K, reserved 1048576K
GC Heap History (10 events):
Event: 4.453 GC heap before
{Heap before GC invocations=6 (full 1):
 PSYoungGen      total 108032K, used 107532K [0x00000000eab00000, 0x00000000f3c80000, 0x0000000100000000)
  eden space 100864K, 100% used [0x00000000eab00000,0x00000000f0d80000,0x00000000f0d80000)
  from space 7168K, 93% used [0x00000000f3580000,0x00000000f3c031d0,0x00000000f3c80000)
  to   space 10752K, 0% used [0x00000000f2780000,0x00000000f2780000,0x00000000f3200000)
 ParOldGen       total 105472K, used 8812K [0x00000000c0000000, 0x00000000c6700000, 0x00000000eab00000)
  object space 105472K, 8% used [0x00000000c0000000,0x00000000c089b298,0x00000000c6700000)
 Metaspace       used 31815K, capacity 32438K, committed 32688K, reserved 1077248K
  class space    used 4562K, capacity 4762K, committed 4784K, reserved 1048576K
Event: 4.461 GC heap after
Heap after GC invocations=6 (full 1):
 PSYoungGen      total 138240K, used 10724K [0x00000000eab00000, 0x00000000f5580000, 0x0000000100000000)
  eden space 127488K, 0% used [0x00000000eab00000,0x00000000eab00000,0x00000000f2780000)
  from space 10752K, 99% used [0x00000000f2780000,0x00000000f31f9258,0x00000000f3200000)
  to   space 12288K, 0% used [0x00000000f4980000,0x00000000f4980000,0x00000000f5580000)
 ParOldGen       total 105472K, used 8872K [0x00000000c0000000, 0x00000000c6700000, 0x00000000eab00000)
  object space 105472K, 8% used [0x00000000c0000000,0x00000000c08aa0b0,0x00000000c6700000)
 Metaspace       used 31815K, capacity 32438K, committed 32688K, reserved 1077248K
  class space    used 4562K, capacity 4762K, committed 4784K, reserved 1048576K
}
Event: 4.768 GC heap before
{Heap before GC invocations=7 (full 1):
 PSYoungGen      total 138240K, used 55738K [0x00000000eab00000, 0x00000000f5580000, 0x0000000100000000)
  eden space 127488K, 35% used [0x00000000eab00000,0x00000000ed6f5658,0x00000000f2780000)
  from space 10752K, 99% used [0x00000000f2780000,0x00000000f31f9258,0x00000000f3200000)
  to   space 12288K, 0% used [0x00000000f4980000,0x00000000f4980000,0x00000000f5580000)
 ParOldGen       total 105472K, used 8872K [0x00000000c0000000, 0x00000000c6700000, 0x00000000eab00000)
  object space 105472K, 8% used [0x00000000c0000000,0x00000000c08aa0b0,0x00000000c6700000)
 Metaspace       used 34672K, capacity 35290K, committed 35496K, reserved 1079296K
  class space    used 4985K, capacity 5152K, committed 5168K, reserved 1048576K
Event: 4.776 GC heap after
Heap after GC invocations=7 (full 1):
 PSYoungGen      total 162304K, used 10021K [0x00000000eab00000, 0x00000000f8000000, 0x0000000100000000)
  eden space 150016K, 0% used [0x00000000eab00000,0x00000000eab00000,0x00000000f3d80000)
  from space 12288K, 81% used [0x00000000f4980000,0x00000000f53495a8,0x00000000f5580000)
  to   space 12288K, 0% used [0x00000000f3d80000,0x00000000f3d80000,0x00000000f4980000)
 ParOldGen       total 105472K, used 8880K [0x00000000c0000000, 0x00000000c6700000, 0x00000000eab00000)
  object space 105472K, 8% used [0x00000000c0000000,0x00000000c08ac0b0,0x00000000c6700000)
 Metaspace       used 34672K, capacity 35290K, committed 35496K, reserved 1079296K
  class space    used 4985K, capacity 5152K, committed 5168K, reserved 1048576K
}
Event: 4.776 GC heap before
{Heap before GC invocations=8 (full 2):
 PSYoungGen      total 162304K, used 10021K [0x00000000eab00000, 0x00000000f8000000, 0x0000000100000000)
  eden space 150016K, 0% used [0x00000000eab00000,0x00000000eab00000,0x00000000f3d80000)
  from space 12288K, 81% used [0x00000000f4980000,0x00000000f53495a8,0x00000000f5580000)
  to   space 12288K, 0% used [0x00000000f3d80000,0x00000000f3d80000,0x00000000f4980000)
 ParOldGen       total 105472K, used 8880K [0x00000000c0000000, 0x00000000c6700000, 0x00000000eab00000)
  object space 105472K, 8% used [0x00000000c0000000,0x00000000c08ac0b0,0x00000000c6700000)
 Metaspace       used 34672K, capacity 35290K, committed 35496K, reserved 1079296K
  class space    used 4985K, capacity 5152K, committed 5168K, reserved 1048576K
Event: 4.812 GC heap after
Heap after GC invocations=8 (full 2):
 PSYoungGen      total 162304K, used 0K [0x00000000eab00000, 0x00000000f8000000, 0x0000000100000000)
  eden space 150016K, 0% used [0x00000000eab00000,0x00000000eab00000,0x00000000f3d80000)
  from space 12288K, 0% used [0x00000000f4980000,0x00000000f4980000,0x00000000f5580000)
  to   space 12288K, 0% used [0x00000000f3d80000,0x00000000f3d80000,0x00000000f4980000)
 ParOldGen       total 157184K, used 16788K [0x00000000c0000000, 0x00000000c9980000, 0x00000000eab00000)
  object space 157184K, 10% used [0x00000000c0000000,0x00000000c1065390,0x00000000c9980000)
 Metaspace       used 34672K, capacity 35290K, committed 35496K, reserved 1079296K
  class space    used 4985K, capacity 5152K, committed 5168K, reserved 1048576K
}
Event: 5.946 GC heap before
{Heap before GC invocations=9 (full 2):
 PSYoungGen      total 162304K, used 150016K [0x00000000eab00000, 0x00000000f8000000, 0x0000000100000000)
  eden space 150016K, 100% used [0x00000000eab00000,0x00000000f3d80000,0x00000000f3d80000)
  from space 12288K, 0% used [0x00000000f4980000,0x00000000f4980000,0x00000000f5580000)
  to   space 12288K, 0% used [0x00000000f3d80000,0x00000000f3d80000,0x00000000f4980000)
 ParOldGen       total 157184K, used 16788K [0x00000000c0000000, 0x00000000c9980000, 0x00000000eab00000)
  object space 157184K, 10% used [0x00000000c0000000,0x00000000c1065390,0x00000000c9980000)
 Metaspace       used 39171K, capacity 39918K, committed 40240K, reserved 1083392K
  class space    used 5586K, capacity 5839K, committed 5936K, reserved 1048576K
Event: 5.954 GC heap after
Heap after GC invocations=9 (full 2):
 PSYoungGen      total 162304K, used 11160K [0x00000000eab00000, 0x00000000fa080000, 0x0000000100000000)
  eden space 150016K, 0% used [0x00000000eab00000,0x00000000eab00000,0x00000000f3d80000)
  from space 12288K, 90% used [0x00000000f3d80000,0x00000000f48660b8,0x00000000f4980000)
  to   space 12800K, 0% used [0x00000000f9400000,0x00000000f9400000,0x00000000fa080000)
 ParOldGen       total 157184K, used 16796K [0x00000000c0000000, 0x00000000c9980000, 0x00000000eab00000)
  object space 157184K, 10% used [0x00000000c0000000,0x00000000c1067390,0x00000000c9980000)
 Metaspace       used 39171K, capacity 39918K, committed 40240K, reserved 1083392K
  class space    used 5586K, capacity 5839K, committed 5936K, reserved 1048576K
}
Event: 6.627 GC heap before
{Heap before GC invocations=10 (full 2):
 PSYoungGen      total 162304K, used 161176K [0x00000000eab00000, 0x00000000fa080000, 0x0000000100000000)
  eden space 150016K, 100% used [0x00000000eab00000,0x00000000f3d80000,0x00000000f3d80000)
  from space 12288K, 90% used [0x00000000f3d80000,0x00000000f48660b8,0x00000000f4980000)
  to   space 12800K, 0% used [0x00000000f9400000,0x00000000f9400000,0x00000000fa080000)
 ParOldGen       total 157184K, used 16796K [0x00000000c0000000, 0x00000000c9980000, 0x00000000eab00000)
  object space 157184K, 10% used [0x00000000c0000000,0x00000000c1067390,0x00000000c9980000)
 Metaspace       used 39546K, capacity 40350K, committed 40752K, reserved 1083392K
  class space    used 5595K, capacity 5847K, committed 5936K, reserved 1048576K
Event: 6.636 GC heap after
Heap after GC invocations=10 (full 2):
 PSYoungGen      total 237568K, used 12240K [0x00000000eab00000, 0x00000000fa180000, 0x0000000100000000)
  eden space 224768K, 0% used [0x00000000eab00000,0x00000000eab00000,0x00000000f8680000)
  from space 12800K, 95% used [0x00000000f9400000,0x00000000f9ff4040,0x00000000fa080000)
  to   space 13824K, 0% used [0x00000000f8680000,0x00000000f8680000,0x00000000f9400000)
 ParOldGen       total 157184K, used 16804K [0x00000000c0000000, 0x00000000c9980000, 0x00000000eab00000)
  object space 157184K, 10% used [0x00000000c0000000,0x00000000c1069390,0x00000000c9980000)
 Metaspace       used 39546K, capacity 40350K, committed 40752K, reserved 1083392K
  class space    used 5595K, capacity 5847K, committed 5936K, reserved 1048576K
}

